2024-12-19T00:01:38.097+07:00 DEBUG 17972 --- [Project] [http-nio-8080-exec-9] o.s.security.web.FilterChainProxy        : Securing GET /project/apartment
2024-12-19T00:01:38.133+07:00 DEBUG 17972 --- [Project] [http-nio-8080-exec-3] o.s.security.web.FilterChainProxy        : Securing GET /project/charge
2024-12-19T00:01:38.102+07:00 DEBUG 17972 --- [Project] [http-nio-8080-exec-5] o.s.security.web.FilterChainProxy        : Securing GET /project/resident
2024-12-19T00:01:38.133+07:00 DEBUG 17972 --- [Project] [http-nio-8080-exec-9] o.s.security.web.FilterChainProxy        : Secured GET /project/apartment
2024-12-19T00:01:38.134+07:00 DEBUG 17972 --- [Project] [http-nio-8080-exec-3] o.s.security.web.FilterChainProxy        : Secured GET /project/charge
2024-12-19T00:01:38.134+07:00 DEBUG 17972 --- [Project] [http-nio-8080-exec-5] o.s.security.web.FilterChainProxy        : Secured GET /project/resident
2024-12-19T00:01:38.135+07:00 DEBUG 17972 --- [Project] [http-nio-8080-exec-9] o.s.web.servlet.DispatcherServlet        : GET "/project/apartment", parameters={}
2024-12-19T00:01:38.135+07:00 DEBUG 17972 --- [Project] [http-nio-8080-exec-5] o.s.web.servlet.DispatcherServlet        : GET "/project/resident", parameters={}
2024-12-19T00:01:38.135+07:00 DEBUG 17972 --- [Project] [http-nio-8080-exec-3] o.s.web.servlet.DispatcherServlet        : GET "/project/charge", parameters={}
2024-12-19T00:01:38.135+07:00 DEBUG 17972 --- [Project] [http-nio-8080-exec-9] s.w.s.m.m.a.RequestMappingHandlerMapping : Mapped to com.example.Project.controller.ApartmentController#getAll()
2024-12-19T00:01:38.135+07:00 DEBUG 17972 --- [Project] [http-nio-8080-exec-5] s.w.s.m.m.a.RequestMappingHandlerMapping : Mapped to com.example.Project.controller.ResidentController#getAll()
2024-12-19T00:01:38.138+07:00 DEBUG 17972 --- [Project] [http-nio-8080-exec-3] s.w.s.m.m.a.RequestMappingHandlerMapping : Mapped to com.example.Project.controller.ChargeController#getAll()
2024-12-19T00:01:38.139+07:00 DEBUG 17972 --- [Project] [http-nio-8080-exec-9] o.s.orm.jpa.JpaTransactionManager        : Creating new transaction with name [org.springframework.data.jpa.repository.support.SimpleJpaRepository.findAll]: PROPAGATION_REQUIRED,ISOLATION_DEFAULT,readOnly
2024-12-19T00:01:38.141+07:00 DEBUG 17972 --- [Project] [http-nio-8080-exec-3] o.s.orm.jpa.JpaTransactionManager        : Creating new transaction with name [org.springframework.data.jpa.repository.support.SimpleJpaRepository.findAll]: PROPAGATION_REQUIRED,ISOLATION_DEFAULT,readOnly
2024-12-19T00:01:38.141+07:00 DEBUG 17972 --- [Project] [http-nio-8080-exec-3] o.s.orm.jpa.JpaTransactionManager        : Opened new EntityManager [SessionImpl(1402187271<open>)] for JPA transaction
2024-12-19T00:01:38.141+07:00 DEBUG 17972 --- [Project] [http-nio-8080-exec-9] o.s.orm.jpa.JpaTransactionManager        : Opened new EntityManager [SessionImpl(1452115668<open>)] for JPA transaction
2024-12-19T00:01:38.140+07:00 DEBUG 17972 --- [Project] [http-nio-8080-exec-5] o.s.orm.jpa.JpaTransactionManager        : Creating new transaction with name [org.springframework.data.jpa.repository.support.SimpleJpaRepository.findAll]: PROPAGATION_REQUIRED,ISOLATION_DEFAULT,readOnly
2024-12-19T00:01:38.142+07:00 DEBUG 17972 --- [Project] [http-nio-8080-exec-5] o.s.orm.jpa.JpaTransactionManager        : Opened new EntityManager [SessionImpl(1990231373<open>)] for JPA transaction
2024-12-19T00:01:38.142+07:00 DEBUG 17972 --- [Project] [http-nio-8080-exec-3] o.s.jdbc.datasource.DataSourceUtils      : Setting JDBC Connection [HikariProxyConnection@332763969 wrapping com.mysql.cj.jdbc.ConnectionImpl@5296ff5e] read-only
2024-12-19T00:01:38.142+07:00 DEBUG 17972 --- [Project] [http-nio-8080-exec-9] o.s.jdbc.datasource.DataSourceUtils      : Setting JDBC Connection [HikariProxyConnection@827128555 wrapping com.mysql.cj.jdbc.ConnectionImpl@1fa9ae55] read-only
2024-12-19T00:01:38.143+07:00 DEBUG 17972 --- [Project] [http-nio-8080-exec-5] o.s.jdbc.datasource.DataSourceUtils      : Setting JDBC Connection [HikariProxyConnection@146701102 wrapping com.mysql.cj.jdbc.ConnectionImpl@12f2a810] read-only
2024-12-19T00:01:38.143+07:00 DEBUG 17972 --- [Project] [http-nio-8080-exec-3] o.s.orm.jpa.JpaTransactionManager        : Exposing JPA transaction as JDBC [org.springframework.orm.jpa.vendor.HibernateJpaDialect$HibernateConnectionHandle@2a80da3a]
2024-12-19T00:01:38.144+07:00 DEBUG 17972 --- [Project] [http-nio-8080-exec-9] o.s.orm.jpa.JpaTransactionManager        : Exposing JPA transaction as JDBC [org.springframework.orm.jpa.vendor.HibernateJpaDialect$HibernateConnectionHandle@659a4c27]
2024-12-19T00:01:38.145+07:00 DEBUG 17972 --- [Project] [http-nio-8080-exec-5] o.s.orm.jpa.JpaTransactionManager        : Exposing JPA transaction as JDBC [org.springframework.orm.jpa.vendor.HibernateJpaDialect$HibernateConnectionHandle@6a13e2c5]
2024-12-19T00:01:38.147+07:00 DEBUG 17972 --- [Project] [http-nio-8080-exec-3] o.s.orm.jpa.JpaTransactionManager        : Initiating transaction commit
2024-12-19T00:01:38.147+07:00 DEBUG 17972 --- [Project] [http-nio-8080-exec-3] o.s.orm.jpa.JpaTransactionManager        : Committing JPA transaction on EntityManager [SessionImpl(1402187271<open>)]
2024-12-19T00:01:38.147+07:00 DEBUG 17972 --- [Project] [http-nio-8080-exec-9] o.s.orm.jpa.JpaTransactionManager        : Initiating transaction commit
2024-12-19T00:01:38.149+07:00 DEBUG 17972 --- [Project] [http-nio-8080-exec-3] o.s.jdbc.datasource.DataSourceUtils      : Resetting read-only flag of JDBC Connection [HikariProxyConnection@332763969 wrapping com.mysql.cj.jdbc.ConnectionImpl@5296ff5e]
2024-12-19T00:01:38.149+07:00 DEBUG 17972 --- [Project] [http-nio-8080-exec-9] o.s.orm.jpa.JpaTransactionManager        : Committing JPA transaction on EntityManager [SessionImpl(1452115668<open>)]
2024-12-19T00:01:38.149+07:00 DEBUG 17972 --- [Project] [http-nio-8080-exec-3] o.s.orm.jpa.JpaTransactionManager        : Closing JPA EntityManager [SessionImpl(1402187271<open>)] after transaction
2024-12-19T00:01:38.151+07:00 DEBUG 17972 --- [Project] [http-nio-8080-exec-9] o.s.jdbc.datasource.DataSourceUtils      : Resetting read-only flag of JDBC Connection [HikariProxyConnection@827128555 wrapping com.mysql.cj.jdbc.ConnectionImpl@1fa9ae55]
2024-12-19T00:01:38.151+07:00 DEBUG 17972 --- [Project] [http-nio-8080-exec-3] m.m.a.RequestResponseBodyMethodProcessor : Using 'application/json', given [*/*] and supported [application/json, application/*+json]
2024-12-19T00:01:38.152+07:00 DEBUG 17972 --- [Project] [http-nio-8080-exec-9] o.s.orm.jpa.JpaTransactionManager        : Closing JPA EntityManager [SessionImpl(1452115668<open>)] after transaction
2024-12-19T00:01:38.152+07:00 DEBUG 17972 --- [Project] [http-nio-8080-exec-3] m.m.a.RequestResponseBodyMethodProcessor : Writing [ApiResponse(code=200, message=Thành công, result=[])]
2024-12-19T00:01:38.153+07:00 DEBUG 17972 --- [Project] [http-nio-8080-exec-9] m.m.a.RequestResponseBodyMethodProcessor : Using 'application/json', given [*/*] and supported [application/json, application/*+json]
2024-12-19T00:01:38.153+07:00 DEBUG 17972 --- [Project] [http-nio-8080-exec-5] o.s.orm.jpa.JpaTransactionManager        : Initiating transaction commit
2024-12-19T00:01:38.154+07:00 DEBUG 17972 --- [Project] [http-nio-8080-exec-5] o.s.orm.jpa.JpaTransactionManager        : Committing JPA transaction on EntityManager [SessionImpl(1990231373<open>)]
2024-12-19T00:01:38.154+07:00 DEBUG 17972 --- [Project] [http-nio-8080-exec-9] m.m.a.RequestResponseBodyMethodProcessor : Writing [ApiResponse(code=200, message=Thành công, result=[Apartment(id=16211d53-b83a-4770-a946-b9b2fb5803b1, (truncated)...]
2024-12-19T00:01:38.155+07:00 DEBUG 17972 --- [Project] [http-nio-8080-exec-3] o.s.web.servlet.DispatcherServlet        : Completed 200 OK
2024-12-19T00:01:38.155+07:00 DEBUG 17972 --- [Project] [http-nio-8080-exec-3] o.s.s.w.a.AnonymousAuthenticationFilter  : Set SecurityContextHolder to anonymous SecurityContext
2024-12-19T00:01:38.155+07:00 DEBUG 17972 --- [Project] [http-nio-8080-exec-9] o.s.web.servlet.DispatcherServlet        : Completed 200 OK
2024-12-19T00:01:38.155+07:00 DEBUG 17972 --- [Project] [http-nio-8080-exec-5] o.s.jdbc.datasource.DataSourceUtils      : Resetting read-only flag of JDBC Connection [HikariProxyConnection@146701102 wrapping com.mysql.cj.jdbc.ConnectionImpl@12f2a810]
2024-12-19T00:01:38.155+07:00 DEBUG 17972 --- [Project] [http-nio-8080-exec-9] o.s.s.w.a.AnonymousAuthenticationFilter  : Set SecurityContextHolder to anonymous SecurityContext
2024-12-19T00:01:38.156+07:00 DEBUG 17972 --- [Project] [http-nio-8080-exec-5] o.s.orm.jpa.JpaTransactionManager        : Closing JPA EntityManager [SessionImpl(1990231373<open>)] after transaction
2024-12-19T00:01:38.157+07:00 DEBUG 17972 --- [Project] [http-nio-8080-exec-5] m.m.a.RequestResponseBodyMethodProcessor : Using 'application/json', given [*/*] and supported [application/json, application/*+json]
2024-12-19T00:01:38.158+07:00 DEBUG 17972 --- [Project] [http-nio-8080-exec-5] m.m.a.RequestResponseBodyMethodProcessor : Writing [ApiResponse(code=200, message=Thành công, result=[ResidentResponse(id=14e1601e-61ff-43a2-ae82-41323d (truncated)...]
2024-12-19T00:01:38.159+07:00 DEBUG 17972 --- [Project] [http-nio-8080-exec-5] o.s.web.servlet.DispatcherServlet        : Completed 200 OK
2024-12-19T00:01:38.160+07:00 DEBUG 17972 --- [Project] [http-nio-8080-exec-5] o.s.s.w.a.AnonymousAuthenticationFilter  : Set SecurityContextHolder to anonymous SecurityContext
2024-12-19T00:01:39.428+07:00 DEBUG 17972 --- [Project] [http-nio-8080-exec-2] o.s.security.web.FilterChainProxy        : Securing GET /project/apartment
2024-12-19T00:01:39.430+07:00 DEBUG 17972 --- [Project] [http-nio-8080-exec-2] o.s.security.web.FilterChainProxy        : Secured GET /project/apartment
2024-12-19T00:01:39.430+07:00 DEBUG 17972 --- [Project] [http-nio-8080-exec-10] o.s.security.web.FilterChainProxy        : Securing GET /project/resident
2024-12-19T00:01:39.430+07:00 DEBUG 17972 --- [Project] [http-nio-8080-exec-2] o.s.web.servlet.DispatcherServlet        : GET "/project/apartment", parameters={}
2024-12-19T00:01:39.431+07:00 DEBUG 17972 --- [Project] [http-nio-8080-exec-2] s.w.s.m.m.a.RequestMappingHandlerMapping : Mapped to com.example.Project.controller.ApartmentController#getAll()
2024-12-19T00:01:39.431+07:00 DEBUG 17972 --- [Project] [http-nio-8080-exec-10] o.s.security.web.FilterChainProxy        : Secured GET /project/resident
2024-12-19T00:01:39.431+07:00 DEBUG 17972 --- [Project] [http-nio-8080-exec-2] o.s.orm.jpa.JpaTransactionManager        : Creating new transaction with name [org.springframework.data.jpa.repository.support.SimpleJpaRepository.findAll]: PROPAGATION_REQUIRED,ISOLATION_DEFAULT,readOnly
2024-12-19T00:01:39.431+07:00 DEBUG 17972 --- [Project] [http-nio-8080-exec-10] o.s.web.servlet.DispatcherServlet        : GET "/project/resident", parameters={}
2024-12-19T00:01:39.431+07:00 DEBUG 17972 --- [Project] [http-nio-8080-exec-2] o.s.orm.jpa.JpaTransactionManager        : Opened new EntityManager [SessionImpl(1003986019<open>)] for JPA transaction
2024-12-19T00:01:39.432+07:00 DEBUG 17972 --- [Project] [http-nio-8080-exec-10] s.w.s.m.m.a.RequestMappingHandlerMapping : Mapped to com.example.Project.controller.ResidentController#getAll()
2024-12-19T00:01:39.432+07:00 DEBUG 17972 --- [Project] [http-nio-8080-exec-2] o.s.jdbc.datasource.DataSourceUtils      : Setting JDBC Connection [HikariProxyConnection@2134576317 wrapping com.mysql.cj.jdbc.ConnectionImpl@1fa9ae55] read-only
2024-12-19T00:01:39.432+07:00 DEBUG 17972 --- [Project] [http-nio-8080-exec-10] o.s.orm.jpa.JpaTransactionManager        : Creating new transaction with name [org.springframework.data.jpa.repository.support.SimpleJpaRepository.findAll]: PROPAGATION_REQUIRED,ISOLATION_DEFAULT,readOnly
2024-12-19T00:01:39.432+07:00 DEBUG 17972 --- [Project] [http-nio-8080-exec-7] o.s.security.web.FilterChainProxy        : Securing GET /project/charge
2024-12-19T00:01:39.433+07:00 DEBUG 17972 --- [Project] [http-nio-8080-exec-10] o.s.orm.jpa.JpaTransactionManager        : Opened new EntityManager [SessionImpl(1897610303<open>)] for JPA transaction
2024-12-19T00:01:39.434+07:00 DEBUG 17972 --- [Project] [http-nio-8080-exec-7] o.s.security.web.FilterChainProxy        : Secured GET /project/charge
2024-12-19T00:01:39.434+07:00 DEBUG 17972 --- [Project] [http-nio-8080-exec-2] o.s.orm.jpa.JpaTransactionManager        : Exposing JPA transaction as JDBC [org.springframework.orm.jpa.vendor.HibernateJpaDialect$HibernateConnectionHandle@36fe635e]
2024-12-19T00:01:39.434+07:00 DEBUG 17972 --- [Project] [http-nio-8080-exec-7] o.s.web.servlet.DispatcherServlet        : GET "/project/charge", parameters={}
2024-12-19T00:01:39.434+07:00 DEBUG 17972 --- [Project] [http-nio-8080-exec-10] o.s.jdbc.datasource.DataSourceUtils      : Setting JDBC Connection [HikariProxyConnection@1896541661 wrapping com.mysql.cj.jdbc.ConnectionImpl@5296ff5e] read-only
2024-12-19T00:01:39.434+07:00 DEBUG 17972 --- [Project] [http-nio-8080-exec-7] s.w.s.m.m.a.RequestMappingHandlerMapping : Mapped to com.example.Project.controller.ChargeController#getAll()
2024-12-19T00:01:39.434+07:00 DEBUG 17972 --- [Project] [http-nio-8080-exec-7] o.s.orm.jpa.JpaTransactionManager        : Creating new transaction with name [org.springframework.data.jpa.repository.support.SimpleJpaRepository.findAll]: PROPAGATION_REQUIRED,ISOLATION_DEFAULT,readOnly
2024-12-19T00:01:39.434+07:00 DEBUG 17972 --- [Project] [http-nio-8080-exec-10] o.s.orm.jpa.JpaTransactionManager        : Exposing JPA transaction as JDBC [org.springframework.orm.jpa.vendor.HibernateJpaDialect$HibernateConnectionHandle@6fe26808]
2024-12-19T00:01:39.434+07:00 DEBUG 17972 --- [Project] [http-nio-8080-exec-7] o.s.orm.jpa.JpaTransactionManager        : Opened new EntityManager [SessionImpl(1670389493<open>)] for JPA transaction
2024-12-19T00:01:39.435+07:00 DEBUG 17972 --- [Project] [http-nio-8080-exec-7] o.s.jdbc.datasource.DataSourceUtils      : Setting JDBC Connection [HikariProxyConnection@1526609973 wrapping com.mysql.cj.jdbc.ConnectionImpl@12f2a810] read-only
2024-12-19T00:01:39.436+07:00 DEBUG 17972 --- [Project] [http-nio-8080-exec-7] o.s.orm.jpa.JpaTransactionManager        : Exposing JPA transaction as JDBC [org.springframework.orm.jpa.vendor.HibernateJpaDialect$HibernateConnectionHandle@2ad867e1]
2024-12-19T00:01:39.436+07:00 DEBUG 17972 --- [Project] [http-nio-8080-exec-2] o.s.orm.jpa.JpaTransactionManager        : Initiating transaction commit
2024-12-19T00:01:39.438+07:00 DEBUG 17972 --- [Project] [http-nio-8080-exec-2] o.s.orm.jpa.JpaTransactionManager        : Committing JPA transaction on EntityManager [SessionImpl(1003986019<open>)]
2024-12-19T00:01:39.439+07:00 DEBUG 17972 --- [Project] [http-nio-8080-exec-2] o.s.jdbc.datasource.DataSourceUtils      : Resetting read-only flag of JDBC Connection [HikariProxyConnection@2134576317 wrapping com.mysql.cj.jdbc.ConnectionImpl@1fa9ae55]
2024-12-19T00:01:39.440+07:00 DEBUG 17972 --- [Project] [http-nio-8080-exec-2] o.s.orm.jpa.JpaTransactionManager        : Closing JPA EntityManager [SessionImpl(1003986019<open>)] after transaction
2024-12-19T00:01:39.440+07:00 DEBUG 17972 --- [Project] [http-nio-8080-exec-7] o.s.orm.jpa.JpaTransactionManager        : Initiating transaction commit
2024-12-19T00:01:39.441+07:00 DEBUG 17972 --- [Project] [http-nio-8080-exec-2] m.m.a.RequestResponseBodyMethodProcessor : Using 'application/json', given [*/*] and supported [application/json, application/*+json]
2024-12-19T00:01:39.441+07:00 DEBUG 17972 --- [Project] [http-nio-8080-exec-7] o.s.orm.jpa.JpaTransactionManager        : Committing JPA transaction on EntityManager [SessionImpl(1670389493<open>)]
2024-12-19T00:01:39.442+07:00 DEBUG 17972 --- [Project] [http-nio-8080-exec-2] m.m.a.RequestResponseBodyMethodProcessor : Writing [ApiResponse(code=200, message=Thành công, result=[Apartment(id=16211d53-b83a-4770-a946-b9b2fb5803b1, (truncated)...]
2024-12-19T00:01:39.442+07:00 DEBUG 17972 --- [Project] [http-nio-8080-exec-10] o.s.orm.jpa.JpaTransactionManager        : Initiating transaction commit
2024-12-19T00:01:39.443+07:00 DEBUG 17972 --- [Project] [http-nio-8080-exec-10] o.s.orm.jpa.JpaTransactionManager        : Committing JPA transaction on EntityManager [SessionImpl(1897610303<open>)]
2024-12-19T00:01:39.443+07:00 DEBUG 17972 --- [Project] [http-nio-8080-exec-7] o.s.jdbc.datasource.DataSourceUtils      : Resetting read-only flag of JDBC Connection [HikariProxyConnection@1526609973 wrapping com.mysql.cj.jdbc.ConnectionImpl@12f2a810]
2024-12-19T00:01:39.443+07:00 DEBUG 17972 --- [Project] [http-nio-8080-exec-2] o.s.web.servlet.DispatcherServlet        : Completed 200 OK
2024-12-19T00:01:39.444+07:00 DEBUG 17972 --- [Project] [http-nio-8080-exec-2] o.s.s.w.a.AnonymousAuthenticationFilter  : Set SecurityContextHolder to anonymous SecurityContext
2024-12-19T00:01:39.444+07:00 DEBUG 17972 --- [Project] [http-nio-8080-exec-7] o.s.orm.jpa.JpaTransactionManager        : Closing JPA EntityManager [SessionImpl(1670389493<open>)] after transaction
2024-12-19T00:01:39.444+07:00 DEBUG 17972 --- [Project] [http-nio-8080-exec-10] o.s.jdbc.datasource.DataSourceUtils      : Resetting read-only flag of JDBC Connection [HikariProxyConnection@1896541661 wrapping com.mysql.cj.jdbc.ConnectionImpl@5296ff5e]
2024-12-19T00:01:39.445+07:00 DEBUG 17972 --- [Project] [http-nio-8080-exec-7] m.m.a.RequestResponseBodyMethodProcessor : Using 'application/json', given [*/*] and supported [application/json, application/*+json]
2024-12-19T00:01:39.445+07:00 DEBUG 17972 --- [Project] [http-nio-8080-exec-7] m.m.a.RequestResponseBodyMethodProcessor : Writing [ApiResponse(code=200, message=Thành công, result=[])]
2024-12-19T00:01:39.446+07:00 DEBUG 17972 --- [Project] [http-nio-8080-exec-10] o.s.orm.jpa.JpaTransactionManager        : Closing JPA EntityManager [SessionImpl(1897610303<open>)] after transaction
2024-12-19T00:01:39.446+07:00 DEBUG 17972 --- [Project] [http-nio-8080-exec-7] o.s.web.servlet.DispatcherServlet        : Completed 200 OK
2024-12-19T00:01:39.446+07:00 DEBUG 17972 --- [Project] [http-nio-8080-exec-10] m.m.a.RequestResponseBodyMethodProcessor : Using 'application/json', given [*/*] and supported [application/json, application/*+json]
2024-12-19T00:01:39.447+07:00 DEBUG 17972 --- [Project] [http-nio-8080-exec-7] o.s.s.w.a.AnonymousAuthenticationFilter  : Set SecurityContextHolder to anonymous SecurityContext
2024-12-19T00:01:39.449+07:00 DEBUG 17972 --- [Project] [http-nio-8080-exec-10] m.m.a.RequestResponseBodyMethodProcessor : Writing [ApiResponse(code=200, message=Thành công, result=[ResidentResponse(id=14e1601e-61ff-43a2-ae82-41323d (truncated)...]
2024-12-19T00:01:39.450+07:00 DEBUG 17972 --- [Project] [http-nio-8080-exec-10] o.s.web.servlet.DispatcherServlet        : Completed 200 OK
2024-12-19T00:01:39.450+07:00 DEBUG 17972 --- [Project] [http-nio-8080-exec-10] o.s.s.w.a.AnonymousAuthenticationFilter  : Set SecurityContextHolder to anonymous SecurityContext
2024-12-19T00:01:59.046+07:00 DEBUG 17972 --- [Project] [http-nio-8080-exec-4] o.s.security.web.FilterChainProxy        : Securing GET /project/apartment
2024-12-19T00:01:59.047+07:00 DEBUG 17972 --- [Project] [http-nio-8080-exec-4] o.s.security.web.FilterChainProxy        : Secured GET /project/apartment
2024-12-19T00:01:59.047+07:00 DEBUG 17972 --- [Project] [http-nio-8080-exec-4] o.s.web.servlet.DispatcherServlet        : GET "/project/apartment", parameters={}
2024-12-19T00:01:59.047+07:00 DEBUG 17972 --- [Project] [http-nio-8080-exec-4] s.w.s.m.m.a.RequestMappingHandlerMapping : Mapped to com.example.Project.controller.ApartmentController#getAll()
2024-12-19T00:01:59.048+07:00 DEBUG 17972 --- [Project] [http-nio-8080-exec-4] o.s.orm.jpa.JpaTransactionManager        : Creating new transaction with name [org.springframework.data.jpa.repository.support.SimpleJpaRepository.findAll]: PROPAGATION_REQUIRED,ISOLATION_DEFAULT,readOnly
2024-12-19T00:01:59.049+07:00 DEBUG 17972 --- [Project] [http-nio-8080-exec-4] o.s.orm.jpa.JpaTransactionManager        : Opened new EntityManager [SessionImpl(1634153904<open>)] for JPA transaction
2024-12-19T00:01:59.049+07:00 DEBUG 17972 --- [Project] [http-nio-8080-exec-1] o.s.security.web.FilterChainProxy        : Securing GET /project/resident
2024-12-19T00:01:59.050+07:00 DEBUG 17972 --- [Project] [http-nio-8080-exec-4] o.s.jdbc.datasource.DataSourceUtils      : Setting JDBC Connection [HikariProxyConnection@1409953462 wrapping com.mysql.cj.jdbc.ConnectionImpl@1fa9ae55] read-only
2024-12-19T00:01:59.050+07:00 DEBUG 17972 --- [Project] [http-nio-8080-exec-1] o.s.security.web.FilterChainProxy        : Secured GET /project/resident
2024-12-19T00:01:59.050+07:00 DEBUG 17972 --- [Project] [http-nio-8080-exec-1] o.s.web.servlet.DispatcherServlet        : GET "/project/resident", parameters={}
2024-12-19T00:01:59.050+07:00 DEBUG 17972 --- [Project] [http-nio-8080-exec-1] s.w.s.m.m.a.RequestMappingHandlerMapping : Mapped to com.example.Project.controller.ResidentController#getAll()
2024-12-19T00:01:59.050+07:00 DEBUG 17972 --- [Project] [http-nio-8080-exec-4] o.s.orm.jpa.JpaTransactionManager        : Exposing JPA transaction as JDBC [org.springframework.orm.jpa.vendor.HibernateJpaDialect$HibernateConnectionHandle@36aa52fb]
2024-12-19T00:01:59.052+07:00 DEBUG 17972 --- [Project] [http-nio-8080-exec-1] o.s.orm.jpa.JpaTransactionManager        : Creating new transaction with name [org.springframework.data.jpa.repository.support.SimpleJpaRepository.findAll]: PROPAGATION_REQUIRED,ISOLATION_DEFAULT,readOnly
2024-12-19T00:01:59.054+07:00 DEBUG 17972 --- [Project] [http-nio-8080-exec-1] o.s.orm.jpa.JpaTransactionManager        : Opened new EntityManager [SessionImpl(450486710<open>)] for JPA transaction
2024-12-19T00:01:59.055+07:00 DEBUG 17972 --- [Project] [http-nio-8080-exec-1] o.s.jdbc.datasource.DataSourceUtils      : Setting JDBC Connection [HikariProxyConnection@2083854190 wrapping com.mysql.cj.jdbc.ConnectionImpl@5296ff5e] read-only
2024-12-19T00:01:59.055+07:00 DEBUG 17972 --- [Project] [http-nio-8080-exec-4] o.s.orm.jpa.JpaTransactionManager        : Initiating transaction commit
2024-12-19T00:01:59.056+07:00 DEBUG 17972 --- [Project] [http-nio-8080-exec-4] o.s.orm.jpa.JpaTransactionManager        : Committing JPA transaction on EntityManager [SessionImpl(1634153904<open>)]
2024-12-19T00:01:59.056+07:00 DEBUG 17972 --- [Project] [http-nio-8080-exec-1] o.s.orm.jpa.JpaTransactionManager        : Exposing JPA transaction as JDBC [org.springframework.orm.jpa.vendor.HibernateJpaDialect$HibernateConnectionHandle@5746631c]
2024-12-19T00:01:59.057+07:00 DEBUG 17972 --- [Project] [http-nio-8080-exec-4] o.s.jdbc.datasource.DataSourceUtils      : Resetting read-only flag of JDBC Connection [HikariProxyConnection@1409953462 wrapping com.mysql.cj.jdbc.ConnectionImpl@1fa9ae55]
2024-12-19T00:01:59.057+07:00 DEBUG 17972 --- [Project] [http-nio-8080-exec-4] o.s.orm.jpa.JpaTransactionManager        : Closing JPA EntityManager [SessionImpl(1634153904<open>)] after transaction
2024-12-19T00:01:59.057+07:00 DEBUG 17972 --- [Project] [http-nio-8080-exec-8] o.s.security.web.FilterChainProxy        : Securing GET /project/charge
2024-12-19T00:01:59.058+07:00 DEBUG 17972 --- [Project] [http-nio-8080-exec-4] m.m.a.RequestResponseBodyMethodProcessor : Using 'application/json', given [*/*] and supported [application/json, application/*+json]
2024-12-19T00:01:59.058+07:00 DEBUG 17972 --- [Project] [http-nio-8080-exec-4] m.m.a.RequestResponseBodyMethodProcessor : Writing [ApiResponse(code=200, message=Thành công, result=[Apartment(id=16211d53-b83a-4770-a946-b9b2fb5803b1, (truncated)...]
2024-12-19T00:01:59.059+07:00 DEBUG 17972 --- [Project] [http-nio-8080-exec-8] o.s.security.web.FilterChainProxy        : Secured GET /project/charge
2024-12-19T00:01:59.060+07:00 DEBUG 17972 --- [Project] [http-nio-8080-exec-8] o.s.web.servlet.DispatcherServlet        : GET "/project/charge", parameters={}
2024-12-19T00:01:59.060+07:00 DEBUG 17972 --- [Project] [http-nio-8080-exec-4] o.s.web.servlet.DispatcherServlet        : Completed 200 OK
2024-12-19T00:01:59.061+07:00 DEBUG 17972 --- [Project] [http-nio-8080-exec-4] o.s.s.w.a.AnonymousAuthenticationFilter  : Set SecurityContextHolder to anonymous SecurityContext
2024-12-19T00:01:59.061+07:00 DEBUG 17972 --- [Project] [http-nio-8080-exec-8] s.w.s.m.m.a.RequestMappingHandlerMapping : Mapped to com.example.Project.controller.ChargeController#getAll()
2024-12-19T00:01:59.062+07:00 DEBUG 17972 --- [Project] [http-nio-8080-exec-8] o.s.orm.jpa.JpaTransactionManager        : Creating new transaction with name [org.springframework.data.jpa.repository.support.SimpleJpaRepository.findAll]: PROPAGATION_REQUIRED,ISOLATION_DEFAULT,readOnly
2024-12-19T00:01:59.062+07:00 DEBUG 17972 --- [Project] [http-nio-8080-exec-8] o.s.orm.jpa.JpaTransactionManager        : Opened new EntityManager [SessionImpl(763208951<open>)] for JPA transaction
2024-12-19T00:01:59.062+07:00 DEBUG 17972 --- [Project] [http-nio-8080-exec-8] o.s.jdbc.datasource.DataSourceUtils      : Setting JDBC Connection [HikariProxyConnection@401416609 wrapping com.mysql.cj.jdbc.ConnectionImpl@1fa9ae55] read-only
2024-12-19T00:01:59.064+07:00 DEBUG 17972 --- [Project] [http-nio-8080-exec-8] o.s.orm.jpa.JpaTransactionManager        : Exposing JPA transaction as JDBC [org.springframework.orm.jpa.vendor.HibernateJpaDialect$HibernateConnectionHandle@6edf180b]
2024-12-19T00:01:59.064+07:00 DEBUG 17972 --- [Project] [http-nio-8080-exec-1] o.s.orm.jpa.JpaTransactionManager        : Initiating transaction commit
2024-12-19T00:01:59.064+07:00 DEBUG 17972 --- [Project] [http-nio-8080-exec-1] o.s.orm.jpa.JpaTransactionManager        : Committing JPA transaction on EntityManager [SessionImpl(450486710<open>)]
2024-12-19T00:01:59.066+07:00 DEBUG 17972 --- [Project] [http-nio-8080-exec-1] o.s.jdbc.datasource.DataSourceUtils      : Resetting read-only flag of JDBC Connection [HikariProxyConnection@2083854190 wrapping com.mysql.cj.jdbc.ConnectionImpl@5296ff5e]
2024-12-19T00:01:59.066+07:00 DEBUG 17972 --- [Project] [http-nio-8080-exec-1] o.s.orm.jpa.JpaTransactionManager        : Closing JPA EntityManager [SessionImpl(450486710<open>)] after transaction
2024-12-19T00:01:59.067+07:00 DEBUG 17972 --- [Project] [http-nio-8080-exec-1] m.m.a.RequestResponseBodyMethodProcessor : Using 'application/json', given [*/*] and supported [application/json, application/*+json]
2024-12-19T00:01:59.067+07:00 DEBUG 17972 --- [Project] [http-nio-8080-exec-8] o.s.orm.jpa.JpaTransactionManager        : Initiating transaction commit
2024-12-19T00:01:59.067+07:00 DEBUG 17972 --- [Project] [http-nio-8080-exec-8] o.s.orm.jpa.JpaTransactionManager        : Committing JPA transaction on EntityManager [SessionImpl(763208951<open>)]
2024-12-19T00:01:59.068+07:00 DEBUG 17972 --- [Project] [http-nio-8080-exec-1] m.m.a.RequestResponseBodyMethodProcessor : Writing [ApiResponse(code=200, message=Thành công, result=[ResidentResponse(id=14e1601e-61ff-43a2-ae82-41323d (truncated)...]
2024-12-19T00:01:59.068+07:00 DEBUG 17972 --- [Project] [http-nio-8080-exec-8] o.s.jdbc.datasource.DataSourceUtils      : Resetting read-only flag of JDBC Connection [HikariProxyConnection@401416609 wrapping com.mysql.cj.jdbc.ConnectionImpl@1fa9ae55]
2024-12-19T00:01:59.069+07:00 DEBUG 17972 --- [Project] [http-nio-8080-exec-8] o.s.orm.jpa.JpaTransactionManager        : Closing JPA EntityManager [SessionImpl(763208951<open>)] after transaction
2024-12-19T00:01:59.069+07:00 DEBUG 17972 --- [Project] [http-nio-8080-exec-1] o.s.web.servlet.DispatcherServlet        : Completed 200 OK
2024-12-19T00:01:59.069+07:00 DEBUG 17972 --- [Project] [http-nio-8080-exec-8] m.m.a.RequestResponseBodyMethodProcessor : Using 'application/json', given [*/*] and supported [application/json, application/*+json]
2024-12-19T00:01:59.070+07:00 DEBUG 17972 --- [Project] [http-nio-8080-exec-1] o.s.s.w.a.AnonymousAuthenticationFilter  : Set SecurityContextHolder to anonymous SecurityContext
2024-12-19T00:01:59.070+07:00 DEBUG 17972 --- [Project] [http-nio-8080-exec-8] m.m.a.RequestResponseBodyMethodProcessor : Writing [ApiResponse(code=200, message=Thành công, result=[])]
2024-12-19T00:01:59.071+07:00 DEBUG 17972 --- [Project] [http-nio-8080-exec-8] o.s.web.servlet.DispatcherServlet        : Completed 200 OK
2024-12-19T00:01:59.071+07:00 DEBUG 17972 --- [Project] [http-nio-8080-exec-8] o.s.s.w.a.AnonymousAuthenticationFilter  : Set SecurityContextHolder to anonymous SecurityContext
